Using pre-set license
Built from '2021.3/staging' branch; Version is '2021.3.18f1 (3129e69bc0c7) revision 3221990'; Using compiler version '192829333'; Build Type 'Release'
OS: 'Windows 10  (10.0.19044) 64bit Professional' Language: 'en' Physical Memory: 16236 MB
BatchMode: 1, IsHumanControllingUs: 0, StartBugReporterOnCrash: 0, Is64bit: 1, IsPro: 1

COMMAND LINE ARGUMENTS:
C:\Program Files\Unity\Hub\Editor\2021.3.18f1\Editor\Unity.exe
-adb2
-batchMode
-noUpm
-name
AssetImportWorker0
-projectPath
C:/Users/Juan Pablo/Documents/GitHub/Proyecto-Pepino/GGJ_Pepino
-logFile
Logs/AssetImportWorker0.log
-srvPort
53934
Successfully changed project path to: C:/Users/Juan Pablo/Documents/GitHub/Proyecto-Pepino/GGJ_Pepino
C:/Users/Juan Pablo/Documents/GitHub/Proyecto-Pepino/GGJ_Pepino
[UnityMemory] Configuration Parameters - Can be set up in boot.config
    "memorysetup-bucket-allocator-granularity=16"
    "memorysetup-bucket-allocator-bucket-count=8"
    "memorysetup-bucket-allocator-block-size=33554432"
    "memorysetup-bucket-allocator-block-count=8"
    "memorysetup-main-allocator-block-size=16777216"
    "memorysetup-thread-allocator-block-size=16777216"
    "memorysetup-gfx-main-allocator-block-size=16777216"
    "memorysetup-gfx-thread-allocator-block-size=16777216"
    "memorysetup-cache-allocator-block-size=4194304"
    "memorysetup-typetree-allocator-block-size=2097152"
    "memorysetup-profiler-bucket-allocator-granularity=16"
    "memorysetup-profiler-bucket-allocator-bucket-count=8"
    "memorysetup-profiler-bucket-allocator-block-size=33554432"
    "memorysetup-profiler-bucket-allocator-block-count=8"
    "memorysetup-profiler-allocator-block-size=16777216"
    "memorysetup-profiler-editor-allocator-block-size=1048576"
    "memorysetup-temp-allocator-size-main=16777216"
    "memorysetup-job-temp-allocator-block-size=2097152"
    "memorysetup-job-temp-allocator-block-size-background=1048576"
    "memorysetup-job-temp-allocator-reduction-small-platforms=262144"
    "memorysetup-temp-allocator-size-background-worker=32768"
    "memorysetup-temp-allocator-size-job-worker=262144"
    "memorysetup-temp-allocator-size-preload-manager=33554432"
    "memorysetup-temp-allocator-size-nav-mesh-worker=65536"
    "memorysetup-temp-allocator-size-audio-worker=65536"
    "memorysetup-temp-allocator-size-cloud-worker=32768"
    "memorysetup-temp-allocator-size-gi-baking-worker=262144"
    "memorysetup-temp-allocator-size-gfx=262144"
Player connection [23292] Host "[IP] 26.167.104.220 [Port] 0 [Flags] 2 [Guid] 4183922772 [EditorId] 4183922772 [Version] 1048832 [Id] WindowsEditor(7,LAPTOP-6FNSQHOC) [Debug] 1 [PackageName] WindowsEditor [ProjectName] Editor" joined multi-casting on [225.0.0.222:54997]...

Player connection [23292] Host "[IP] 26.167.104.220 [Port] 0 [Flags] 2 [Guid] 4183922772 [EditorId] 4183922772 [Version] 1048832 [Id] WindowsEditor(7,LAPTOP-6FNSQHOC) [Debug] 1 [PackageName] WindowsEditor [ProjectName] Editor" joined alternative multi-casting on [225.0.0.222:34997]...

Refreshing native plugins compatible for Editor in 100.04 ms, found 4 plugins.
Preloading 0 native plugins for Editor in 0.00 ms.
Initialize engine version: 2021.3.18f1 (3129e69bc0c7)
[Subsystems] Discovering subsystems at path C:/Program Files/Unity/Hub/Editor/2021.3.18f1/Editor/Data/Resources/UnitySubsystems
[Subsystems] Discovering subsystems at path C:/Users/Juan Pablo/Documents/GitHub/Proyecto-Pepino/GGJ_Pepino/Assets
GfxDevice: creating device client; threaded=0; jobified=0
Direct3D:
    Version:  Direct3D 11.0 [level 11.1]
    Renderer: NVIDIA GeForce RTX 3070 Laptop GPU (ID=0x24dd)
    Vendor:   NVIDIA
    VRAM:     8044 MB
    Driver:   30.0.15.1236
Initialize mono
Mono path[0] = 'C:/Program Files/Unity/Hub/Editor/2021.3.18f1/Editor/Data/Managed'
Mono path[1] = 'C:/Program Files/Unity/Hub/Editor/2021.3.18f1/Editor/Data/MonoBleedingEdge/lib/mono/unityjit-win32'
Mono config path = 'C:/Program Files/Unity/Hub/Editor/2021.3.18f1/Editor/Data/MonoBleedingEdge/etc'
Using monoOptions --debugger-agent=transport=dt_socket,embedding=1,server=y,suspend=n,address=127.0.0.1:56612
Begin MonoManager ReloadAssembly
Registering precompiled unity dll's ...
Register platform support module: C:/Program Files/Unity/Hub/Editor/2021.3.18f1/Editor/Data/PlaybackEngines/WindowsStandaloneSupport/UnityEditor.WindowsStandalone.Extensions.dll
Registered in 0.006749 seconds.
Native extension for WindowsStandalone target not found
Refreshing native plugins compatible for Editor in 99.05 ms, found 4 plugins.
Preloading 0 native plugins for Editor in 0.00 ms.
Mono: successfully reloaded assembly
- Completed reload, in  0.576 seconds
Domain Reload Profiling:
	ReloadAssembly (577ms)
		BeginReloadAssembly (62ms)
			ExecutionOrderSort (0ms)
			DisableScriptedObjects (0ms)
			BackupInstance (0ms)
			ReleaseScriptingObjects (0ms)
			CreateAndSetChildDomain (1ms)
		EndReloadAssembly (417ms)
			LoadAssemblies (60ms)
			RebuildTransferFunctionScriptingTraits (0ms)
			SetupTypeCache (82ms)
			ReleaseScriptCaches (0ms)
			RebuildScriptCaches (21ms)
			SetupLoadedEditorAssemblies (269ms)
				LogAssemblyErrors (0ms)
				InitializePlatformSupportModulesInManaged (7ms)
				SetLoadedEditorAssemblies (0ms)
				RefreshPlugins (99ms)
				BeforeProcessingInitializeOnLoad (1ms)
				ProcessInitializeOnLoadAttributes (122ms)
				ProcessInitializeOnLoadMethodAttributes (40ms)
				AfterProcessingInitializeOnLoad (0ms)
				EditorAssembliesLoaded (0ms)
			ExecutionOrderSort2 (0ms)
			AwakeInstancesAfterBackupRestoration (0ms)
Platform modules already initialized, skipping
Registering precompiled user dll's ...
Registered in 0.006676 seconds.
Begin MonoManager ReloadAssembly
Symbol file LoadedFromMemory doesn't match image C:\Users\Juan Pablo\Documents\GitHub\Proyecto-Pepino\GGJ_Pepino\Library\PackageCache\com.unity.visualscripting@1.8.0\Editor\VisualScripting.Core\Dependencies\YamlDotNet\Unity.VisualScripting.YamlDotNet.dll
Symbol file LoadedFromMemory doesn't match image C:\Users\Juan Pablo\Documents\GitHub\Proyecto-Pepino\GGJ_Pepino\Library\PackageCache\com.unity.visualscripting@1.8.0\Editor\VisualScripting.Core\Dependencies\DotNetZip\Unity.VisualScripting.IonicZip.dll
Native extension for WindowsStandalone target not found
Refreshing native plugins compatible for Editor in 96.14 ms, found 4 plugins.
Preloading 0 native plugins for Editor in 0.00 ms.
Mono: successfully reloaded assembly
- Completed reload, in  1.113 seconds
Domain Reload Profiling:
	ReloadAssembly (1114ms)
		BeginReloadAssembly (97ms)
			ExecutionOrderSort (0ms)
			DisableScriptedObjects (5ms)
			BackupInstance (0ms)
			ReleaseScriptingObjects (0ms)
			CreateAndSetChildDomain (20ms)
		EndReloadAssembly (915ms)
			LoadAssemblies (75ms)
			RebuildTransferFunctionScriptingTraits (0ms)
			SetupTypeCache (219ms)
			ReleaseScriptCaches (1ms)
			RebuildScriptCaches (56ms)
			SetupLoadedEditorAssemblies (519ms)
				LogAssemblyErrors (0ms)
				InitializePlatformSupportModulesInManaged (5ms)
				SetLoadedEditorAssemblies (0ms)
				RefreshPlugins (96ms)
				BeforeProcessingInitializeOnLoad (114ms)
				ProcessInitializeOnLoadAttributes (219ms)
				ProcessInitializeOnLoadMethodAttributes (77ms)
				AfterProcessingInitializeOnLoad (8ms)
				EditorAssembliesLoaded (0ms)
			ExecutionOrderSort2 (0ms)
			AwakeInstancesAfterBackupRestoration (7ms)
Platform modules already initialized, skipping
========================================================================
Worker process is ready to serve import requests
Launched and connected shader compiler UnityShaderCompiler.exe after 0.04 seconds
Refreshing native plugins compatible for Editor in 1.10 ms, found 4 plugins.
Preloading 0 native plugins for Editor in 0.00 ms.
Unloading 5223 Unused Serialized files (Serialized files now loaded: 0)
Unloading 40 unused Assets / (0.7 MB). Loaded Objects now: 5678.
Memory consumption went from 205.7 MB to 205.0 MB.
Total: 4.338400 ms (FindLiveObjects: 0.389600 ms CreateObjectMapping: 0.411400 ms MarkObjects: 3.247900 ms  DeleteObjects: 0.288300 ms)

AssetImportParameters requested are different than current active one (requested -> active):
  custom:video-decoder-ogg-theora: a1e56fd34408186e4bbccfd4996cb3dc -> 
  custom:container-muxer-webm: aa71ff27fc2769a1b78a27578f13a17b -> 
  custom:container-demuxer-webm: 4f35f7cbe854078d1ac9338744f61a02 -> 
  custom:video-encoder-webm-vp8: eb34c28f22e8b96e1ab97ce403110664 -> 
  custom:video-codec-MediaFoundation-h265: 746d11721c4dcdbdad8f713fa42b33f4 -> 
  custom:audio-encoder-webm-vorbis: bf7c407c2cedff20999df2af8eb42d56 -> 
  custom:framework-win-MediaFoundation: 216162199b28c13a410421893ffa2e32 -> 
  custom:container-demuxer-ogg: 62fdf1f143b41e24485cea50d1cbac27 -> 
  custom:video-decoder-webm-vp8: 9c59270c3fd7afecdb556c50c9e8de78 -> 
  custom:audio-decoder-ogg-vorbis: bf7c407c2cedff20999df2af8eb42d56 -> 
========================================================================
Received Import Request.
  Time since last request: 26548.247711 seconds.
  path: Assets/Scripts/Apuerta.cs
  artifactKey: Guid(7fe138f7e59a80d489379df8fb1111ce) Importer(815301076,1909f56bfc062723c751e8b465ee728b)
Start importing Assets/Scripts/Apuerta.cs using Guid(7fe138f7e59a80d489379df8fb1111ce) Importer(815301076,1909f56bfc062723c751e8b465ee728b)  -> (artifact id: '37e0b702c8ed63080d71aae34ede502f') in 0.029145 seconds 
========================================================================
Received Import Request.
  Time since last request: 1.068173 seconds.
  path: Assets/Scripts/tesy
  artifactKey: Guid(7ca3007e24e2ab24ca651c749ee9a63f) Importer(815301076,1909f56bfc062723c751e8b465ee728b)
Start importing Assets/Scripts/tesy using Guid(7ca3007e24e2ab24ca651c749ee9a63f) Importer(815301076,1909f56bfc062723c751e8b465ee728b)  -> (artifact id: 'a66e24ce6e2c937a0af79e0d87429492') in 0.007797 seconds 
========================================================================
Received Import Request.
  Time since last request: 1.642476 seconds.
  path: Assets/Art
  artifactKey: Guid(65e74b46f51c71e49a5202996fc04bd6) Importer(815301076,1909f56bfc062723c751e8b465ee728b)
Start importing Assets/Art using Guid(65e74b46f51c71e49a5202996fc04bd6) Importer(815301076,1909f56bfc062723c751e8b465ee728b)  -> (artifact id: '5bfe65974d274918db22c4147eec74fd') in 0.006597 seconds 
========================================================================
Received Import Request.
  Time since last request: 0.419617 seconds.
  path: Assets/Animation
  artifactKey: Guid(a6b1b84eaf96ba4488374f1d5870402c) Importer(815301076,1909f56bfc062723c751e8b465ee728b)
Start importing Assets/Animation using Guid(a6b1b84eaf96ba4488374f1d5870402c) Importer(815301076,1909f56bfc062723c751e8b465ee728b)  -> (artifact id: 'a7712c105216c6fcee111befd3e887ae') in 0.005667 seconds 
========================================================================
Received Import Request.
  Time since last request: 23.971875 seconds.
  path: Assets/material
  artifactKey: Guid(d88f088bb14175043b8e002e9d37f230) Importer(815301076,1909f56bfc062723c751e8b465ee728b)
Start importing Assets/material using Guid(d88f088bb14175043b8e002e9d37f230) Importer(815301076,1909f56bfc062723c751e8b465ee728b)  -> (artifact id: '6643c82d4d22e6143a2198b672c5cb55') in 0.006162 seconds 
========================================================================
Received Import Request.
  Time since last request: 0.958836 seconds.
  path: Assets/Scenes
  artifactKey: Guid(131a6b21c8605f84396be9f6751fb6e3) Importer(815301076,1909f56bfc062723c751e8b465ee728b)
Start importing Assets/Scenes using Guid(131a6b21c8605f84396be9f6751fb6e3) Importer(815301076,1909f56bfc062723c751e8b465ee728b)  -> (artifact id: '2c23e514d24f6b65fe96946cd87fc526') in 0.010460 seconds 
========================================================================
Received Import Request.
  Time since last request: 0.866934 seconds.
  path: Assets/Scenes/Test2.unity
  artifactKey: Guid(6ae99b48d98708f45b59c225e7bc1758) Importer(815301076,1909f56bfc062723c751e8b465ee728b)
Start importing Assets/Scenes/Test2.unity using Guid(6ae99b48d98708f45b59c225e7bc1758) Importer(815301076,1909f56bfc062723c751e8b465ee728b)  -> (artifact id: '7b829e147422c7985633dff2ef751c08') in 0.006651 seconds 
========================================================================
Received Import Request.
  Time since last request: 0.821429 seconds.
  path: Assets/Scenes/Escenario_testingJuan.unity
  artifactKey: Guid(b593366573b15d849a2421d35b4e86bc) Importer(815301076,1909f56bfc062723c751e8b465ee728b)
Start importing Assets/Scenes/Escenario_testingJuan.unity using Guid(b593366573b15d849a2421d35b4e86bc) Importer(815301076,1909f56bfc062723c751e8b465ee728b)  -> (artifact id: '6534e143165e12397458a75bab82435b') in 0.006034 seconds 
========================================================================
Received Import Request.
  Time since last request: 86.325953 seconds.
  path: Assets/Scripts
  artifactKey: Guid(a1f7485cf8accbc47b15bb2387ccccf4) Importer(815301076,1909f56bfc062723c751e8b465ee728b)
Start importing Assets/Scripts using Guid(a1f7485cf8accbc47b15bb2387ccccf4) Importer(815301076,1909f56bfc062723c751e8b465ee728b)  -> (artifact id: '9d194f7af6c5e77872c728e51ee1d363') in 0.005888 seconds 
========================================================================
Received Import Request.
  Time since last request: 2.487680 seconds.
  path: Assets/Scripts/MusicManager.cs
  artifactKey: Guid(489da946a0fd2a84a975581a14a10bdd) Importer(815301076,1909f56bfc062723c751e8b465ee728b)
Start importing Assets/Scripts/MusicManager.cs using Guid(489da946a0fd2a84a975581a14a10bdd) Importer(815301076,1909f56bfc062723c751e8b465ee728b)  -> (artifact id: '4f23ba73121be698b50510ba2713463b') in 0.006250 seconds 
========================================================================
Received Import Request.
  Time since last request: 0.551698 seconds.
  path: Assets/Scripts/PlayerController.cs
  artifactKey: Guid(0537c30da89db0040a92172409cdd85a) Importer(815301076,1909f56bfc062723c751e8b465ee728b)
Start importing Assets/Scripts/PlayerController.cs using Guid(0537c30da89db0040a92172409cdd85a) Importer(815301076,1909f56bfc062723c751e8b465ee728b)  -> (artifact id: '05a4bb95803410d78089ae626601b319') in 0.005909 seconds 
========================================================================
Received Import Request.
  Time since last request: 277.709374 seconds.
  path: Assets/Scripts/PlayerController.cs
  artifactKey: Guid(0537c30da89db0040a92172409cdd85a) Importer(815301076,1909f56bfc062723c751e8b465ee728b)
Start importing Assets/Scripts/PlayerController.cs using Guid(0537c30da89db0040a92172409cdd85a) Importer(815301076,1909f56bfc062723c751e8b465ee728b)  -> (artifact id: 'fff18cc4a0eb7bb30eb0384936ab1a6a') in 0.002446 seconds 
========================================================================
Received Import Request.
  Time since last request: 101.445269 seconds.
  path: Assets/Scenes/Escenario.unity
  artifactKey: Guid(d7ad0a5f1906e9a45a602837bd0facd1) Importer(815301076,1909f56bfc062723c751e8b465ee728b)
Start importing Assets/Scenes/Escenario.unity using Guid(d7ad0a5f1906e9a45a602837bd0facd1) Importer(815301076,1909f56bfc062723c751e8b465ee728b)  -> (artifact id: 'c254284b2f3f98b26e7b27873a612e17') in 0.006282 seconds 
========================================================================
Received Import Request.
  Time since last request: 2704.022145 seconds.
  path: Assets/TextMesh Pro
  artifactKey: Guid(f54d1bd14bd3ca042bd867b519fee8cc) Importer(815301076,1909f56bfc062723c751e8b465ee728b)
Start importing Assets/TextMesh Pro using Guid(f54d1bd14bd3ca042bd867b519fee8cc) Importer(815301076,1909f56bfc062723c751e8b465ee728b)  -> (artifact id: '6d457b26d2bc8024e58729449d46e968') in 0.005810 seconds 
========================================================================
Received Import Request.
  Time since last request: 0.624984 seconds.
  path: Assets/Sound
  artifactKey: Guid(cfb5f5c696e5ec148a673db492791e56) Importer(815301076,1909f56bfc062723c751e8b465ee728b)
Start importing Assets/Sound using Guid(cfb5f5c696e5ec148a673db492791e56) Importer(815301076,1909f56bfc062723c751e8b465ee728b)  -> (artifact id: '947d2dd47959ed7f6907ee63a7ca5c69') in 0.006437 seconds 
