Using pre-set license
Built from '2021.3/staging' branch; Version is '2021.3.18f1 (3129e69bc0c7) revision 3221990'; Using compiler version '192829333'; Build Type 'Release'
OS: 'Windows 10  (10.0.19044) 64bit Professional' Language: 'en' Physical Memory: 16236 MB
BatchMode: 1, IsHumanControllingUs: 0, StartBugReporterOnCrash: 0, Is64bit: 1, IsPro: 1

COMMAND LINE ARGUMENTS:
C:\Program Files\Unity\Hub\Editor\2021.3.18f1\Editor\Unity.exe
-adb2
-batchMode
-noUpm
-name
AssetImportWorker2
-projectPath
C:/Users/Juan Pablo/Documents/GitHub/Proyecto-Pepino/GGJ_Pepino
-logFile
Logs/AssetImportWorker2.log
-srvPort
58174
Successfully changed project path to: C:/Users/Juan Pablo/Documents/GitHub/Proyecto-Pepino/GGJ_Pepino
C:/Users/Juan Pablo/Documents/GitHub/Proyecto-Pepino/GGJ_Pepino
[UnityMemory] Configuration Parameters - Can be set up in boot.config
    "memorysetup-bucket-allocator-granularity=16"
    "memorysetup-bucket-allocator-bucket-count=8"
    "memorysetup-bucket-allocator-block-size=33554432"
    "memorysetup-bucket-allocator-block-count=8"
    "memorysetup-main-allocator-block-size=16777216"
    "memorysetup-thread-allocator-block-size=16777216"
    "memorysetup-gfx-main-allocator-block-size=16777216"
    "memorysetup-gfx-thread-allocator-block-size=16777216"
    "memorysetup-cache-allocator-block-size=4194304"
    "memorysetup-typetree-allocator-block-size=2097152"
    "memorysetup-profiler-bucket-allocator-granularity=16"
    "memorysetup-profiler-bucket-allocator-bucket-count=8"
    "memorysetup-profiler-bucket-allocator-block-size=33554432"
    "memorysetup-profiler-bucket-allocator-block-count=8"
    "memorysetup-profiler-allocator-block-size=16777216"
    "memorysetup-profiler-editor-allocator-block-size=1048576"
    "memorysetup-temp-allocator-size-main=16777216"
    "memorysetup-job-temp-allocator-block-size=2097152"
    "memorysetup-job-temp-allocator-block-size-background=1048576"
    "memorysetup-job-temp-allocator-reduction-small-platforms=262144"
    "memorysetup-temp-allocator-size-background-worker=32768"
    "memorysetup-temp-allocator-size-job-worker=262144"
    "memorysetup-temp-allocator-size-preload-manager=33554432"
    "memorysetup-temp-allocator-size-nav-mesh-worker=65536"
    "memorysetup-temp-allocator-size-audio-worker=65536"
    "memorysetup-temp-allocator-size-cloud-worker=32768"
    "memorysetup-temp-allocator-size-gi-baking-worker=262144"
    "memorysetup-temp-allocator-size-gfx=262144"
Player connection [22348] Host "[IP] 192.168.1.83 [Port] 0 [Flags] 2 [Guid] 2038071118 [EditorId] 2038071118 [Version] 1048832 [Id] WindowsEditor(7,LAPTOP-6FNSQHOC) [Debug] 1 [PackageName] WindowsEditor [ProjectName] Editor" joined multi-casting on [225.0.0.222:54997]...

Player connection [22348] Host "[IP] 192.168.1.83 [Port] 0 [Flags] 2 [Guid] 2038071118 [EditorId] 2038071118 [Version] 1048832 [Id] WindowsEditor(7,LAPTOP-6FNSQHOC) [Debug] 1 [PackageName] WindowsEditor [ProjectName] Editor" joined alternative multi-casting on [225.0.0.222:34997]...

Refreshing native plugins compatible for Editor in 104.52 ms, found 4 plugins.
Preloading 0 native plugins for Editor in 0.00 ms.
Initialize engine version: 2021.3.18f1 (3129e69bc0c7)
[Subsystems] Discovering subsystems at path C:/Program Files/Unity/Hub/Editor/2021.3.18f1/Editor/Data/Resources/UnitySubsystems
[Subsystems] Discovering subsystems at path C:/Users/Juan Pablo/Documents/GitHub/Proyecto-Pepino/GGJ_Pepino/Assets
GfxDevice: creating device client; threaded=0; jobified=0
Direct3D:
    Version:  Direct3D 11.0 [level 11.1]
    Renderer: NVIDIA GeForce RTX 3070 Laptop GPU (ID=0x24dd)
    Vendor:   NVIDIA
    VRAM:     8044 MB
    Driver:   30.0.15.1236
Initialize mono
Mono path[0] = 'C:/Program Files/Unity/Hub/Editor/2021.3.18f1/Editor/Data/Managed'
Mono path[1] = 'C:/Program Files/Unity/Hub/Editor/2021.3.18f1/Editor/Data/MonoBleedingEdge/lib/mono/unityjit-win32'
Mono config path = 'C:/Program Files/Unity/Hub/Editor/2021.3.18f1/Editor/Data/MonoBleedingEdge/etc'
Using monoOptions --debugger-agent=transport=dt_socket,embedding=1,server=y,suspend=n,address=127.0.0.1:56676
Begin MonoManager ReloadAssembly
Registering precompiled unity dll's ...
Register platform support module: C:/Program Files/Unity/Hub/Editor/2021.3.18f1/Editor/Data/PlaybackEngines/WindowsStandaloneSupport/UnityEditor.WindowsStandalone.Extensions.dll
Registered in 0.006770 seconds.
Native extension for WindowsStandalone target not found
Refreshing native plugins compatible for Editor in 104.93 ms, found 4 plugins.
Preloading 0 native plugins for Editor in 0.00 ms.
Mono: successfully reloaded assembly
- Completed reload, in  0.602 seconds
Domain Reload Profiling:
	ReloadAssembly (602ms)
		BeginReloadAssembly (64ms)
			ExecutionOrderSort (0ms)
			DisableScriptedObjects (0ms)
			BackupInstance (0ms)
			ReleaseScriptingObjects (0ms)
			CreateAndSetChildDomain (1ms)
		EndReloadAssembly (439ms)
			LoadAssemblies (62ms)
			RebuildTransferFunctionScriptingTraits (0ms)
			SetupTypeCache (88ms)
			ReleaseScriptCaches (0ms)
			RebuildScriptCaches (23ms)
			SetupLoadedEditorAssemblies (278ms)
				LogAssemblyErrors (0ms)
				InitializePlatformSupportModulesInManaged (7ms)
				SetLoadedEditorAssemblies (0ms)
				RefreshPlugins (105ms)
				BeforeProcessingInitializeOnLoad (1ms)
				ProcessInitializeOnLoadAttributes (124ms)
				ProcessInitializeOnLoadMethodAttributes (41ms)
				AfterProcessingInitializeOnLoad (0ms)
				EditorAssembliesLoaded (0ms)
			ExecutionOrderSort2 (0ms)
			AwakeInstancesAfterBackupRestoration (0ms)
Platform modules already initialized, skipping
Registering precompiled user dll's ...
Registered in 0.007147 seconds.
Begin MonoManager ReloadAssembly
Symbol file LoadedFromMemory doesn't match image C:\Users\Juan Pablo\Documents\GitHub\Proyecto-Pepino\GGJ_Pepino\Library\PackageCache\com.unity.visualscripting@1.8.0\Editor\VisualScripting.Core\Dependencies\YamlDotNet\Unity.VisualScripting.YamlDotNet.dll
Symbol file LoadedFromMemory doesn't match image C:\Users\Juan Pablo\Documents\GitHub\Proyecto-Pepino\GGJ_Pepino\Library\PackageCache\com.unity.visualscripting@1.8.0\Editor\VisualScripting.Core\Dependencies\DotNetZip\Unity.VisualScripting.IonicZip.dll
Native extension for WindowsStandalone target not found
Refreshing native plugins compatible for Editor in 105.70 ms, found 4 plugins.
Preloading 0 native plugins for Editor in 0.00 ms.
Mono: successfully reloaded assembly
- Completed reload, in  1.222 seconds
Domain Reload Profiling:
	ReloadAssembly (1223ms)
		BeginReloadAssembly (104ms)
			ExecutionOrderSort (0ms)
			DisableScriptedObjects (5ms)
			BackupInstance (0ms)
			ReleaseScriptingObjects (0ms)
			CreateAndSetChildDomain (19ms)
		EndReloadAssembly (1018ms)
			LoadAssemblies (89ms)
			RebuildTransferFunctionScriptingTraits (0ms)
			SetupTypeCache (228ms)
			ReleaseScriptCaches (1ms)
			RebuildScriptCaches (68ms)
			SetupLoadedEditorAssemblies (583ms)
				LogAssemblyErrors (0ms)
				InitializePlatformSupportModulesInManaged (5ms)
				SetLoadedEditorAssemblies (0ms)
				RefreshPlugins (106ms)
				BeforeProcessingInitializeOnLoad (122ms)
				ProcessInitializeOnLoadAttributes (247ms)
				ProcessInitializeOnLoadMethodAttributes (95ms)
				AfterProcessingInitializeOnLoad (8ms)
				EditorAssembliesLoaded (0ms)
			ExecutionOrderSort2 (0ms)
			AwakeInstancesAfterBackupRestoration (6ms)
Platform modules already initialized, skipping
========================================================================
Worker process is ready to serve import requests
Launched and connected shader compiler UnityShaderCompiler.exe after 0.04 seconds
Refreshing native plugins compatible for Editor in 0.94 ms, found 4 plugins.
Preloading 0 native plugins for Editor in 0.00 ms.
Unloading 5226 Unused Serialized files (Serialized files now loaded: 0)
Unloading 40 unused Assets / (0.7 MB). Loaded Objects now: 5681.
Memory consumption went from 206.1 MB to 205.4 MB.
Total: 3.555300 ms (FindLiveObjects: 0.373500 ms CreateObjectMapping: 0.145700 ms MarkObjects: 2.728500 ms  DeleteObjects: 0.306700 ms)

AssetImportParameters requested are different than current active one (requested -> active):
  custom:video-decoder-ogg-theora: a1e56fd34408186e4bbccfd4996cb3dc -> 
  custom:container-muxer-webm: aa71ff27fc2769a1b78a27578f13a17b -> 
  custom:container-demuxer-webm: 4f35f7cbe854078d1ac9338744f61a02 -> 
  custom:video-encoder-webm-vp8: eb34c28f22e8b96e1ab97ce403110664 -> 
  custom:video-codec-MediaFoundation-h265: 746d11721c4dcdbdad8f713fa42b33f4 -> 
  custom:audio-encoder-webm-vorbis: bf7c407c2cedff20999df2af8eb42d56 -> 
  custom:framework-win-MediaFoundation: 216162199b28c13a410421893ffa2e32 -> 
  custom:container-demuxer-ogg: 62fdf1f143b41e24485cea50d1cbac27 -> 
  custom:video-decoder-webm-vp8: 9c59270c3fd7afecdb556c50c9e8de78 -> 
  custom:audio-decoder-ogg-vorbis: bf7c407c2cedff20999df2af8eb42d56 -> 
========================================================================
Received Import Request.
  Time since last request: 59542.814453 seconds.
  path: Assets/material/New Physics Material 2D.physicsMaterial2D
  artifactKey: Guid(f0c70f3edd1298c4c812d2f28bb6c061) Importer(815301076,1909f56bfc062723c751e8b465ee728b)
Start importing Assets/material/New Physics Material 2D.physicsMaterial2D using Guid(f0c70f3edd1298c4c812d2f28bb6c061) Importer(815301076,1909f56bfc062723c751e8b465ee728b)  -> (artifact id: '478fc5e1238b6f461a67cb2497148bc9') in 0.036524 seconds 
========================================================================
Received Import Request.
  Time since last request: 0.471455 seconds.
  path: Assets/Prefabs/puertas_Fuego Variant.prefab
  artifactKey: Guid(441cd5696073afd4eb77d68290ed9b12) Importer(815301076,1909f56bfc062723c751e8b465ee728b)
Start importing Assets/Prefabs/puertas_Fuego Variant.prefab using Guid(441cd5696073afd4eb77d68290ed9b12) Importer(815301076,1909f56bfc062723c751e8b465ee728b)  -> (artifact id: '009f3b7cc8dee3324b25ead2966f8ca1') in 0.075587 seconds 
========================================================================
Received Import Request.
  Time since last request: 0.000020 seconds.
  path: Assets/Prefabs/puertas_Tierra Variant.prefab
  artifactKey: Guid(299d53ba29b16554099be321f9b9a01b) Importer(815301076,1909f56bfc062723c751e8b465ee728b)
Start importing Assets/Prefabs/puertas_Tierra Variant.prefab using Guid(299d53ba29b16554099be321f9b9a01b) Importer(815301076,1909f56bfc062723c751e8b465ee728b)  -> (artifact id: '911bb169255bda26b485684497f4c466') in 0.013773 seconds 
========================================================================
Received Import Request.
  Time since last request: 103.875288 seconds.
  path: Assets/Art/Sprites/IcePepinoMalHerido
  artifactKey: Guid(86fd904d994ed4e4ea6ce8a132733cd8) Importer(815301076,1909f56bfc062723c751e8b465ee728b)
Start importing Assets/Art/Sprites/IcePepinoMalHerido using Guid(86fd904d994ed4e4ea6ce8a132733cd8) Importer(815301076,1909f56bfc062723c751e8b465ee728b)  -> (artifact id: '73c968ff1346ef6425be05dbad47f36c') in 0.005886 seconds 
========================================================================
Received Import Request.
  Time since last request: 3.260032 seconds.
  path: Assets/Art/Sprites/Pepino
  artifactKey: Guid(fcce6d9a057965c4e9e9bb8bc9d19d83) Importer(815301076,1909f56bfc062723c751e8b465ee728b)
Start importing Assets/Art/Sprites/Pepino using Guid(fcce6d9a057965c4e9e9bb8bc9d19d83) Importer(815301076,1909f56bfc062723c751e8b465ee728b)  -> (artifact id: 'dd4ebd3c33f3e3b87fdad5f470bca101') in 0.006325 seconds 
========================================================================
Received Import Request.
  Time since last request: 21.697444 seconds.
  path: Assets/Art/Sprites/Pepino/PepinoAttack.png
  artifactKey: Guid(8a267438d1e189f41834a00861b37404) Importer(815301076,1909f56bfc062723c751e8b465ee728b)
Start importing Assets/Art/Sprites/Pepino/PepinoAttack.png using Guid(8a267438d1e189f41834a00861b37404) Importer(815301076,1909f56bfc062723c751e8b465ee728b)  -> (artifact id: 'debf29b13f2130090b089ac4e586819c') in 0.037463 seconds 
========================================================================
Received Import Request.
  Time since last request: 0.000023 seconds.
  path: Assets/Art/Sprites/Pepino/PepinoPlanting.png
  artifactKey: Guid(e81cd5694531cad4b9461edcc69f4bf8) Importer(815301076,1909f56bfc062723c751e8b465ee728b)
Start importing Assets/Art/Sprites/Pepino/PepinoPlanting.png using Guid(e81cd5694531cad4b9461edcc69f4bf8) Importer(815301076,1909f56bfc062723c751e8b465ee728b)  -> (artifact id: 'bbe4a9bef9372b51d6002c70eddc1700') in 0.018270 seconds 
========================================================================
Received Import Request.
  Time since last request: 0.000037 seconds.
  path: Assets/Art/Sprites/Pepino/PepinoIdle.png
  artifactKey: Guid(602803c5487f5264ebbf3f3c1b63bb75) Importer(815301076,1909f56bfc062723c751e8b465ee728b)
Start importing Assets/Art/Sprites/Pepino/PepinoIdle.png using Guid(602803c5487f5264ebbf3f3c1b63bb75) Importer(815301076,1909f56bfc062723c751e8b465ee728b)  -> (artifact id: 'a9af48c8bd313946f50a025f89279195') in 0.019718 seconds 
========================================================================
Received Import Request.
  Time since last request: 32.970895 seconds.
  path: Assets/Art/Sprites/Enemigos/Enemigo2.png
  artifactKey: Guid(f2da2f03ce4f08d4cb4b82f25f1912e7) Importer(815301076,1909f56bfc062723c751e8b465ee728b)
Start importing Assets/Art/Sprites/Enemigos/Enemigo2.png using Guid(f2da2f03ce4f08d4cb4b82f25f1912e7) Importer(815301076,1909f56bfc062723c751e8b465ee728b)  -> (artifact id: 'b40fb5b0a399b6394d4f3a93bcd4c1d4') in 0.012457 seconds 
Editor requested this worker to shutdown with reason: Scaling down because of idle timeout
AssetImportWorker is now disconnected from the server
Process exiting
Exiting without the bug reporter. Application will terminate with return code 0